21:57:39 :: DEBUG :: |
|
21:57:39 :: DEBUG :: fantom answers
21:57:39 :: DEBUG :: question type ----- select character
21:57:39 :: DEBUG :: data -------------- [{'color': 'blue', 'suspect': True, 'position': 2, 'power': True}, {'color': 'white', 'suspect': True, 'position': 0, 'power': True}, {'color': 'pink', 'suspect': True, 'position': 1, 'power': True}, {'color': 'black', 'suspect': True, 'position': 3, 'power': True}]
21:57:39 :: DEBUG :: response index ---- 0
21:57:39 :: DEBUG :: response ---------- {'color': 'blue', 'suspect': True, 'position': 2, 'power': True}
21:57:39 :: DEBUG :: |
|
21:57:39 :: DEBUG :: fantom answers
21:57:39 :: DEBUG :: question type ----- activate blue power
21:57:39 :: DEBUG :: data -------------- [0, 1]
21:57:39 :: DEBUG :: response index ---- 1
21:57:39 :: DEBUG :: response ---------- 1
21:57:39 :: DEBUG :: |
|
21:57:39 :: DEBUG :: fantom answers
21:57:39 :: DEBUG :: question type ----- blue character power room
21:57:39 :: DEBUG :: data -------------- [0, 1, 2, 3, 4, 5, 6, 7, 8, 9]
21:57:39 :: DEBUG :: response index ---- 6
21:57:39 :: DEBUG :: response ---------- 6
21:57:39 :: DEBUG :: |
|
21:57:39 :: DEBUG :: fantom answers
21:57:39 :: DEBUG :: question type ----- blue character power exit
21:57:39 :: DEBUG :: data -------------- [5, 7]
21:57:39 :: DEBUG :: response index ---- 1
21:57:39 :: DEBUG :: response ---------- 7
21:57:39 :: DEBUG :: |
|
21:57:39 :: DEBUG :: fantom answers
21:57:39 :: DEBUG :: question type ----- select position
21:57:39 :: DEBUG :: data -------------- [1, 3]
21:57:39 :: DEBUG :: response index ---- 0
21:57:39 :: DEBUG :: response ---------- 1
21:57:39 :: DEBUG :: |
|
21:57:39 :: DEBUG :: fantom answers
21:57:39 :: DEBUG :: question type ----- select character
21:57:39 :: DEBUG :: data -------------- [{'color': 'black', 'suspect': True, 'position': 3, 'power': True}]
21:57:39 :: DEBUG :: response index ---- 0
21:57:39 :: DEBUG :: response ---------- {'color': 'black', 'suspect': True, 'position': 3, 'power': True}
21:57:39 :: DEBUG :: |
|
21:57:39 :: DEBUG :: fantom answers
21:57:39 :: DEBUG :: question type ----- select position
21:57:39 :: DEBUG :: data -------------- [2, 7]
21:57:39 :: DEBUG :: response index ---- 0
21:57:39 :: DEBUG :: response ---------- 2
21:57:39 :: DEBUG :: |
|
21:57:39 :: DEBUG :: fantom answers
21:57:39 :: DEBUG :: question type ----- activate black power
21:57:39 :: DEBUG :: data -------------- [0, 1]
21:57:39 :: DEBUG :: response index ---- 0
21:57:39 :: DEBUG :: response ---------- 0
21:57:39 :: DEBUG :: |
|
21:57:39 :: DEBUG :: fantom answers
21:57:39 :: DEBUG :: question type ----- select character
21:57:39 :: DEBUG :: data -------------- [{'color': 'red', 'suspect': False, 'position': 5, 'power': True}, {'color': 'brown', 'suspect': True, 'position': 7, 'power': True}, {'color': 'purple', 'suspect': True, 'position': 4, 'power': True}]
21:57:39 :: DEBUG :: response index ---- 0
21:57:39 :: DEBUG :: response ---------- {'color': 'red', 'suspect': False, 'position': 5, 'power': True}
21:57:39 :: DEBUG :: |
|
21:57:39 :: DEBUG :: fantom answers
21:57:39 :: DEBUG :: question type ----- activate red power
21:57:39 :: DEBUG :: data -------------- [0, 1]
21:57:39 :: DEBUG :: response index ---- 0
21:57:39 :: DEBUG :: response ---------- 0
21:57:39 :: DEBUG :: |
|
21:57:39 :: DEBUG :: fantom answers
21:57:39 :: DEBUG :: question type ----- select position
21:57:39 :: DEBUG :: data -------------- [4, 6]
21:57:39 :: DEBUG :: response index ---- 1
21:57:39 :: DEBUG :: response ---------- 6
21:57:39 :: DEBUG :: |
|
21:57:39 :: DEBUG :: fantom answers
21:57:39 :: DEBUG :: question type ----- activate red power
21:57:39 :: DEBUG :: data -------------- [0, 1]
21:57:39 :: DEBUG :: response index ---- 1
21:57:39 :: DEBUG :: response ---------- 1
21:57:39 :: DEBUG :: |
|
21:57:39 :: DEBUG :: fantom answers
21:57:39 :: DEBUG :: question type ----- select character
21:57:39 :: DEBUG :: data -------------- [{'color': 'brown', 'suspect': True, 'position': 7, 'power': True}, {'color': 'purple', 'suspect': True, 'position': 4, 'power': True}]
21:57:39 :: DEBUG :: response index ---- 0
21:57:39 :: DEBUG :: response ---------- {'color': 'brown', 'suspect': True, 'position': 7, 'power': True}
21:57:39 :: DEBUG :: |
|
21:57:39 :: DEBUG :: fantom answers
21:57:39 :: DEBUG :: question type ----- activate brown power
21:57:39 :: DEBUG :: data -------------- [0, 1]
21:57:39 :: DEBUG :: response index ---- 1
21:57:39 :: DEBUG :: response ---------- 1
21:57:39 :: DEBUG :: |
|
21:57:39 :: DEBUG :: fantom answers
21:57:39 :: DEBUG :: question type ----- select position
21:57:39 :: DEBUG :: data -------------- [9, 3]
21:57:39 :: DEBUG :: response index ---- 0
21:57:39 :: DEBUG :: response ---------- 9
