21:57:37 :: INFO :: no client yet
21:57:38 :: INFO :: Received client !
21:57:39 :: INFO :: Received client !
21:57:39 :: INFO :: received all clients
21:57:39 :: INFO :: the fantom is white
21:57:39 :: INFO :: 
=======
new game
=======
21:57:39 :: INFO :: shuffle 8 tiles
21:57:39 :: INFO :: shuffle 10 cards
21:57:39 :: INFO :: 
------------------
21:57:39 :: INFO :: Tour: 1,
Position Carlotta / exit: 4/22,
Shadow: 0,
blocked: {5, 6}
grey-6-suspect
pink-1-suspect
blue-2-suspect
white-0-suspect
red-5-suspect
black-3-suspect
purple-4-suspect
brown-7-suspect
21:57:39 :: DEBUG :: {
    "position_carlotta": 4,
    "exit": 22,
    "num_tour": 1,
    "shadow": 0,
    "blocked": [
        5,
        6
    ],
    "characters": [
        {
            "color": "grey",
            "suspect": true,
            "position": 6,
            "power": true
        },
        {
            "color": "pink",
            "suspect": true,
            "position": 1,
            "power": true
        },
        {
            "color": "blue",
            "suspect": true,
            "position": 2,
            "power": true
        },
        {
            "color": "white",
            "suspect": true,
            "position": 0,
            "power": true
        },
        {
            "color": "red",
            "suspect": true,
            "position": 5,
            "power": true
        },
        {
            "color": "black",
            "suspect": true,
            "position": 3,
            "power": true
        },
        {
            "color": "purple",
            "suspect": true,
            "position": 4,
            "power": true
        },
        {
            "color": "brown",
            "suspect": true,
            "position": 7,
            "power": true
        }
    ],
    "tiles": [
        {
            "color": "white",
            "suspect": true,
            "position": 0,
            "power": true
        },
        {
            "color": "pink",
            "suspect": true,
            "position": 1,
            "power": true
        },
        {
            "color": "blue",
            "suspect": true,
            "position": 2,
            "power": true
        },
        {
            "color": "black",
            "suspect": true,
            "position": 3,
            "power": true
        },
        {
            "color": "purple",
            "suspect": true,
            "position": 4,
            "power": true
        },
        {
            "color": "red",
            "suspect": true,
            "position": 5,
            "power": true
        },
        {
            "color": "grey",
            "suspect": true,
            "position": 6,
            "power": true
        },
        {
            "color": "brown",
            "suspect": true,
            "position": 7,
            "power": true
        }
    ]
}
21:57:39 :: INFO :: -
shuffle 8 tiles
-
21:57:39 :: INFO :: --
fantom plays
--
21:57:39 :: DEBUG :: send json to player 1
21:57:39 :: DEBUG :: receive json from player 1
21:57:39 :: INFO :: question : select character
21:57:39 :: INFO :: answer : blue-2-suspect
21:57:39 :: DEBUG :: send json to player 1
21:57:39 :: DEBUG :: receive json from player 1
21:57:39 :: INFO :: question : activate blue power
21:57:39 :: INFO :: answer  : yes
21:57:39 :: INFO :: blue power activated
21:57:39 :: DEBUG :: send json to player 1
21:57:39 :: DEBUG :: receive json from player 1
21:57:39 :: DEBUG :: send json to player 1
21:57:39 :: DEBUG :: receive json from player 1
21:57:39 :: INFO :: question : blue character power exit
21:57:39 :: INFO :: answer : {6, 7}
21:57:39 :: DEBUG :: send json to player 1
21:57:39 :: DEBUG :: receive json from player 1
21:57:39 :: INFO :: question : select position
21:57:39 :: INFO :: answer : 1
21:57:39 :: INFO :: new position : blue-1-suspect
21:57:39 :: INFO :: --
inspector plays
--
21:57:39 :: DEBUG :: send json to player 0
21:57:39 :: DEBUG :: receive json from player 0
21:57:39 :: INFO :: question : select character
21:57:39 :: INFO :: answer : white-0-suspect
21:57:39 :: DEBUG :: send json to player 0
21:57:39 :: DEBUG :: receive json from player 0
21:57:39 :: INFO :: question : select position
21:57:39 :: INFO :: answer : 4
21:57:39 :: INFO :: new position : white-4-suspect
21:57:39 :: DEBUG :: send json to player 0
21:57:39 :: DEBUG :: receive json from player 0
21:57:39 :: INFO :: question : activate white power
21:57:39 :: INFO :: answer  : no
21:57:39 :: INFO :: --
inspector plays
--
21:57:39 :: DEBUG :: send json to player 0
21:57:39 :: DEBUG :: receive json from player 0
21:57:39 :: INFO :: question : select character
21:57:39 :: INFO :: answer : pink-1-suspect
21:57:39 :: DEBUG :: send json to player 0
21:57:39 :: DEBUG :: receive json from player 0
21:57:39 :: INFO :: question : select position
21:57:39 :: INFO :: answer : 7
21:57:39 :: INFO :: new position : pink-7-suspect
21:57:39 :: INFO :: --
fantom plays
--
21:57:39 :: DEBUG :: send json to player 1
21:57:39 :: DEBUG :: receive json from player 1
21:57:39 :: INFO :: question : select character
21:57:39 :: INFO :: answer : black-3-suspect
21:57:39 :: DEBUG :: send json to player 1
21:57:39 :: DEBUG :: receive json from player 1
21:57:39 :: INFO :: question : select position
21:57:39 :: INFO :: answer : 2
21:57:39 :: INFO :: new position : black-2-suspect
21:57:39 :: DEBUG :: send json to player 1
21:57:39 :: DEBUG :: receive json from player 1
21:57:39 :: INFO :: question : activate black power
21:57:39 :: INFO :: answer  : no
21:57:39 :: INFO :: the fantom does not scream.
21:57:39 :: INFO :: 
------------------
21:57:39 :: INFO :: Tour: 2,
Position Carlotta / exit: 8/22,
Shadow: 0,
blocked: {6, 7}
grey-6-clean
pink-7-suspect
blue-1-clean
white-4-suspect
red-5-clean
black-2-clean
purple-4-suspect
brown-7-suspect
21:57:39 :: DEBUG :: {
    "position_carlotta": 8,
    "exit": 22,
    "num_tour": 2,
    "shadow": 0,
    "blocked": [
        5,
        6
    ],
    "characters": [
        {
            "color": "grey",
            "suspect": false,
            "position": 6,
            "power": true
        },
        {
            "color": "pink",
            "suspect": true,
            "position": 7,
            "power": true
        },
        {
            "color": "blue",
            "suspect": false,
            "position": 1,
            "power": true
        },
        {
            "color": "white",
            "suspect": true,
            "position": 4,
            "power": true
        },
        {
            "color": "red",
            "suspect": false,
            "position": 5,
            "power": true
        },
        {
            "color": "black",
            "suspect": false,
            "position": 2,
            "power": true
        },
        {
            "color": "purple",
            "suspect": true,
            "position": 4,
            "power": true
        },
        {
            "color": "brown",
            "suspect": true,
            "position": 7,
            "power": true
        }
    ],
    "tiles": [
        {
            "color": "blue",
            "suspect": false,
            "position": 1,
            "power": true
        },
        {
            "color": "white",
            "suspect": true,
            "position": 4,
            "power": true
        },
        {
            "color": "pink",
            "suspect": true,
            "position": 7,
            "power": true
        },
        {
            "color": "black",
            "suspect": false,
            "position": 2,
            "power": true
        },
        {
            "color": "grey",
            "suspect": false,
            "position": 6,
            "power": true
        },
        {
            "color": "red",
            "suspect": false,
            "position": 5,
            "power": true
        },
        {
            "color": "brown",
            "suspect": true,
            "position": 7,
            "power": true
        },
        {
            "color": "purple",
            "suspect": true,
            "position": 4,
            "power": true
        }
    ]
}
21:57:39 :: INFO :: --
inspector plays
--
21:57:39 :: DEBUG :: send json to player 0
21:57:39 :: DEBUG :: receive json from player 0
21:57:39 :: INFO :: question : select character
21:57:39 :: INFO :: answer : grey-6-clean
21:57:39 :: DEBUG :: send json to player 0
21:57:39 :: DEBUG :: receive json from player 0
21:57:39 :: INFO :: question : activate grey power
21:57:39 :: INFO :: answer  : yes
21:57:39 :: INFO :: grey power activated
21:57:39 :: DEBUG :: send json to player 0
21:57:39 :: DEBUG :: receive json from player 0
21:57:39 :: INFO :: question : grey character power
21:57:39 :: INFO :: answer : 2
21:57:39 :: DEBUG :: send json to player 0
21:57:39 :: DEBUG :: receive json from player 0
21:57:39 :: INFO :: question : select position
21:57:39 :: INFO :: answer : 5
21:57:39 :: INFO :: new position : grey-5-clean
21:57:39 :: INFO :: --
fantom plays
--
21:57:39 :: DEBUG :: send json to player 1
21:57:39 :: DEBUG :: receive json from player 1
21:57:39 :: INFO :: question : select character
21:57:39 :: INFO :: answer : red-5-clean
21:57:39 :: DEBUG :: send json to player 1
21:57:39 :: DEBUG :: receive json from player 1
21:57:39 :: INFO :: question : activate red power
21:57:39 :: INFO :: answer  : no
21:57:39 :: DEBUG :: send json to player 1
21:57:39 :: DEBUG :: receive json from player 1
21:57:39 :: INFO :: question : select position
21:57:39 :: INFO :: answer : 6
21:57:39 :: INFO :: new position : red-6-clean
21:57:39 :: DEBUG :: send json to player 1
21:57:39 :: DEBUG :: receive json from player 1
21:57:39 :: INFO :: question : activate red power
21:57:39 :: INFO :: answer  : yes
21:57:39 :: INFO :: red power activated
21:57:39 :: INFO :: pink-7-suspect was drawn
21:57:39 :: INFO :: --
fantom plays
--
21:57:39 :: DEBUG :: send json to player 1
21:57:39 :: DEBUG :: receive json from player 1
21:57:39 :: INFO :: question : select character
21:57:39 :: INFO :: answer : brown-7-suspect
21:57:39 :: DEBUG :: send json to player 1
21:57:39 :: DEBUG :: receive json from player 1
21:57:39 :: INFO :: question : activate brown power
21:57:39 :: INFO :: answer  : yes
21:57:39 :: INFO :: brown power activated
21:57:39 :: DEBUG :: send json to player 1
21:57:39 :: DEBUG :: receive json from player 1
21:57:39 :: INFO :: question : select position
21:57:39 :: INFO :: answer : 9
21:57:39 :: DEBUG :: more than one character moves
21:57:39 :: INFO :: new position : pink-9-suspect
21:57:39 :: INFO :: new position : brown-9-suspect
21:57:39 :: INFO :: --
inspector plays
--
21:57:39 :: DEBUG :: send json to player 0
21:57:39 :: DEBUG :: receive json from player 0
21:57:39 :: INFO :: question : select character
21:57:39 :: INFO :: answer : purple-4-suspect
21:57:39 :: DEBUG :: send json to player 0
21:57:39 :: DEBUG :: receive json from player 0
21:57:39 :: INFO :: question : activate purple power
21:57:39 :: INFO :: answer  : yes
21:57:39 :: INFO :: purple power activated
