21:57:39 :: DEBUG :: |
|
21:57:39 :: DEBUG :: inspector answers
21:57:39 :: DEBUG :: question type ----- select character
21:57:39 :: DEBUG :: data -------------- [{'color': 'white', 'suspect': True, 'position': 0, 'power': True}, {'color': 'pink', 'suspect': True, 'position': 1, 'power': True}, {'color': 'black', 'suspect': True, 'position': 3, 'power': True}]
21:57:39 :: DEBUG :: response index ---- 0
21:57:39 :: DEBUG :: response ---------- {'color': 'white', 'suspect': True, 'position': 0, 'power': True}
21:57:39 :: DEBUG :: |
|
21:57:39 :: DEBUG :: inspector answers
21:57:39 :: DEBUG :: question type ----- select position
21:57:39 :: DEBUG :: data -------------- [1, 4]
21:57:39 :: DEBUG :: response index ---- 1
21:57:39 :: DEBUG :: response ---------- 4
21:57:39 :: DEBUG :: |
|
21:57:39 :: DEBUG :: inspector answers
21:57:39 :: DEBUG :: question type ----- activate white power
21:57:39 :: DEBUG :: data -------------- [0, 1]
21:57:39 :: DEBUG :: response index ---- 0
21:57:39 :: DEBUG :: response ---------- 0
21:57:39 :: DEBUG :: |
|
21:57:39 :: DEBUG :: inspector answers
21:57:39 :: DEBUG :: question type ----- select character
21:57:39 :: DEBUG :: data -------------- [{'color': 'pink', 'suspect': True, 'position': 1, 'power': True}, {'color': 'black', 'suspect': True, 'position': 3, 'power': True}]
21:57:39 :: DEBUG :: response index ---- 0
21:57:39 :: DEBUG :: response ---------- {'color': 'pink', 'suspect': True, 'position': 1, 'power': True}
21:57:39 :: DEBUG :: |
|
21:57:39 :: DEBUG :: inspector answers
21:57:39 :: DEBUG :: question type ----- select position
21:57:39 :: DEBUG :: data -------------- [0, 2, 5, 7]
21:57:39 :: DEBUG :: response index ---- 3
21:57:39 :: DEBUG :: response ---------- 7
21:57:39 :: DEBUG :: |
|
21:57:39 :: DEBUG :: inspector answers
21:57:39 :: DEBUG :: question type ----- select character
21:57:39 :: DEBUG :: data -------------- [{'color': 'grey', 'suspect': False, 'position': 6, 'power': True}, {'color': 'red', 'suspect': False, 'position': 5, 'power': True}, {'color': 'brown', 'suspect': True, 'position': 7, 'power': True}, {'color': 'purple', 'suspect': True, 'position': 4, 'power': True}]
21:57:39 :: DEBUG :: response index ---- 0
21:57:39 :: DEBUG :: response ---------- {'color': 'grey', 'suspect': False, 'position': 6, 'power': True}
21:57:39 :: DEBUG :: |
|
21:57:39 :: DEBUG :: inspector answers
21:57:39 :: DEBUG :: question type ----- activate grey power
21:57:39 :: DEBUG :: data -------------- [0, 1]
21:57:39 :: DEBUG :: response index ---- 1
21:57:39 :: DEBUG :: response ---------- 1
21:57:39 :: DEBUG :: |
|
21:57:39 :: DEBUG :: inspector answers
21:57:39 :: DEBUG :: question type ----- grey character power
21:57:39 :: DEBUG :: data -------------- [0, 1, 2, 3, 4, 5, 6, 7, 8, 9]
21:57:39 :: DEBUG :: response index ---- 2
21:57:39 :: DEBUG :: response ---------- 2
21:57:39 :: DEBUG :: |
|
21:57:39 :: DEBUG :: inspector answers
21:57:39 :: DEBUG :: question type ----- select position
21:57:39 :: DEBUG :: data -------------- [5]
21:57:39 :: DEBUG :: response index ---- 0
21:57:39 :: DEBUG :: response ---------- 5
21:57:39 :: DEBUG :: |
|
21:57:39 :: DEBUG :: inspector answers
21:57:39 :: DEBUG :: question type ----- select character
21:57:39 :: DEBUG :: data -------------- [{'color': 'purple', 'suspect': True, 'position': 4, 'power': True}]
21:57:39 :: DEBUG :: response index ---- 0
21:57:39 :: DEBUG :: response ---------- {'color': 'purple', 'suspect': True, 'position': 4, 'power': True}
21:57:39 :: DEBUG :: |
|
21:57:39 :: DEBUG :: inspector answers
21:57:39 :: DEBUG :: question type ----- activate purple power
21:57:39 :: DEBUG :: data -------------- [0, 1]
21:57:39 :: DEBUG :: response index ---- 1
21:57:39 :: DEBUG :: response ---------- 1
